<?xml version="1.0" encoding="UTF-8"?>
<!-- Generated by org.testng.reporters.JUnitXMLReporter -->
<testsuite ignored="4" hostname="DESKTOP-1O00OUR" failures="0" tests="6" name="Test_edge" time="7.824" errors="0" timestamp="2025-12-19T11:52:00 IST">
  <testcase classname="Contact_Module.Contact_scenarios_Test" name="CreateConTest" time="0.0">
    <skipped/>
  </testcase> <!-- CreateConTest -->
  <testcase classname="Contact_Module.Contact_scenarios_Test" name="Createconwithsupportdate" time="0.0">
    <skipped/>
  </testcase> <!-- Createconwithsupportdate -->
  <testcase classname="Contact_Module.Contact_scenarios_Test" name="createconOrg" time="0.001">
    <skipped/>
  </testcase> <!-- createconOrg -->
  <testcase classname="Organization_Module.Organization_scenarios_Test" name="CreateOrgWithPhoneNum" time="0.0">
    <skipped/>
  </testcase> <!-- CreateOrgWithPhoneNum -->
  <testcase classname="Organization_Module.Organization_scenarios_Test" name="Createorg" time="0.0">
    <skipped/>
  </testcase> <!-- Createorg -->
  <testcase classname="Organization_Module.Organization_scenarios_Test" name="createorgwithind" time="0.0">
    <skipped/>
  </testcase> <!-- createorgwithind -->
  <testcase classname="BaseClassUtility.BaseClass" name="@AfterSuite disconnecTheDatabase" time="0.0">
    <ignored/>
  </testcase> <!-- @AfterSuite disconnecTheDatabase -->
  <testcase classname="BaseClassUtility.BaseClass" name="@BeforeSuite coonectToDatabase" time="0.0">
    <ignored/>
  </testcase> <!-- @BeforeSuite coonectToDatabase -->
  <testcase classname="BaseClassUtility.BaseClass" name="@BeforeTest configParallelExe" time="0.0">
    <ignored/>
  </testcase> <!-- @BeforeTest configParallelExe -->
  <testcase classname="BaseClassUtility.BaseClass" name="@AfterTest closeParallelExe" time="0.0">
    <ignored/>
  </testcase> <!-- @AfterTest closeParallelExe -->
</testsuite> <!-- Test_edge -->
