<?xml version="1.0" encoding="UTF-8"?>
<!-- Generated by org.testng.reporters.JUnitReportReporter -->
<testsuite hostname="DESKTOP-1O00OUR" failures="0" tests="1" name="Organization_Module.CreateOrgaizationwithIndustryandType" time="22.648" errors="0" timestamp="2025-12-04T13:33:02 IST" skipped="0">
  <testcase classname="Organization_Module.CreateOrgaizationwithIndustryandType" name="createorgwithind" time="22.648"/>
</testsuite> <!-- Organization_Module.CreateOrgaizationwithIndustryandType -->
