<?xml version="1.0" encoding="UTF-8"?>
<!-- Generated by org.testng.reporters.JUnitReportReporter -->
<testsuite hostname="DESKTOP-1O00OUR" failures="0" tests="12" name="Contact_Module.Contact_scenarios_Test" time="0.008" errors="3" timestamp="2025-12-19T11:52:06 IST" skipped="9">
  <testcase classname="Contact_Module.Contact_scenarios_Test" name="Createconwithsupportdate" time="0.000">
    <skipped/>
    <system-out>
      <![CDATA[Createconwithsupportdate: Test execution skipped
createconOrg: Test execution started]]>
    </system-out>
  </testcase> <!-- Createconwithsupportdate -->
  <testcase classname="Contact_Module.Contact_scenarios_Test" name="CreateConTest" time="0.000">
    <skipped/>
    <system-out>
      <![CDATA[CreateConTest: Test execution skipped
Createconwithsupportdate: Test execution started]]>
    </system-out>
  </testcase> <!-- CreateConTest -->
  <testcase classname="Contact_Module.Contact_scenarios_Test" name="login" time="0.000">
    <error message="Unresolved compilation problems: 
	putil cannot be resolved
	putil cannot be resolved
	putil cannot be resolved
	putil cannot be resolved
" type="java.lang.Error">
      <![CDATA[java.lang.Error: Unresolved compilation problems: 
putil cannot be resolved
putil cannot be resolved
putil cannot be resolved
putil cannot be resolved

at BaseClassUtility.BaseClass.login(BaseClass.java:64)
at java.base/jdk.internal.reflect.DirectMethodHandleAccessor.invoke(DirectMethodHandleAccessor.java:103)
at java.base/java.lang.reflect.Method.invoke(Method.java:580)
at org.testng.internal.invokers.MethodInvocationHelper.invokeMethod(MethodInvocationHelper.java:141)
at org.testng.internal.invokers.MethodInvocationHelper.invokeMethodConsideringTimeout(MethodInvocationHelper.java:71)
at org.testng.internal.invokers.ConfigInvoker.invokeConfigurationMethod(ConfigInvoker.java:400)
at org.testng.internal.invokers.ConfigInvoker.invokeConfigurations(ConfigInvoker.java:333)
at org.testng.internal.invokers.TestInvoker.runConfigMethods(TestInvoker.java:833)
at org.testng.internal.invokers.TestInvoker.invokeMethod(TestInvoker.java:600)
at org.testng.internal.invokers.TestInvoker.invokeTestMethod(TestInvoker.java:230)
at org.testng.internal.invokers.MethodRunner.runInSequence(MethodRunner.java:63)
at org.testng.internal.invokers.TestInvoker$MethodInvocationAgent.invoke(TestInvoker.java:992)
at org.testng.internal.invokers.TestInvoker.invokeTestMethods(TestInvoker.java:203)
at org.testng.internal.invokers.TestMethodWorker.invokeTestMethods(TestMethodWorker.java:154)
at org.testng.internal.invokers.TestMethodWorker.run(TestMethodWorker.java:134)
at java.base/java.util.ArrayList.forEach(ArrayList.java:1596)
at org.testng.TestRunner.privateRun(TestRunner.java:739)
at org.testng.TestRunner.run(TestRunner.java:614)
at org.testng.SuiteRunner.runTest(SuiteRunner.java:421)
at org.testng.SuiteRunner$SuiteWorker.run(SuiteRunner.java:463)
at org.testng.internal.thread.ThreadUtil.lambda$execute$0(ThreadUtil.java:64)
at java.base/java.util.concurrent.FutureTask.run(FutureTask.java:317)
at java.base/java.util.concurrent.ThreadPoolExecutor.runWorker(ThreadPoolExecutor.java:1144)
at java.base/java.util.concurrent.ThreadPoolExecutor$Worker.run(ThreadPoolExecutor.java:642)
at java.base/java.lang.Thread.run(Thread.java:1583)
]]>
    </error>
  </testcase> <!-- login -->
  <testcase classname="Contact_Module.Contact_scenarios_Test" name="createconOrg" time="0.005">
    <skipped/>
    <system-out>
      <![CDATA[createconOrg: Test execution skipped]]>
    </system-out>
  </testcase> <!-- createconOrg -->
  <testcase classname="Contact_Module.Contact_scenarios_Test" name="login" time="0.001">
    <error message="Unresolved compilation problems: 
	putil cannot be resolved
	putil cannot be resolved
	putil cannot be resolved
	putil cannot be resolved
" type="java.lang.Error">
      <![CDATA[java.lang.Error: Unresolved compilation problems: 
putil cannot be resolved
putil cannot be resolved
putil cannot be resolved
putil cannot be resolved

at BaseClassUtility.BaseClass.login(BaseClass.java:64)
at java.base/jdk.internal.reflect.DirectMethodHandleAccessor.invoke(DirectMethodHandleAccessor.java:103)
at java.base/java.lang.reflect.Method.invoke(Method.java:580)
at org.testng.internal.invokers.MethodInvocationHelper.invokeMethod(MethodInvocationHelper.java:141)
at org.testng.internal.invokers.MethodInvocationHelper.invokeMethodConsideringTimeout(MethodInvocationHelper.java:71)
at org.testng.internal.invokers.ConfigInvoker.invokeConfigurationMethod(ConfigInvoker.java:400)
at org.testng.internal.invokers.ConfigInvoker.invokeConfigurations(ConfigInvoker.java:333)
at org.testng.internal.invokers.TestInvoker.runConfigMethods(TestInvoker.java:833)
at org.testng.internal.invokers.TestInvoker.invokeMethod(TestInvoker.java:600)
at org.testng.internal.invokers.TestInvoker.invokeTestMethod(TestInvoker.java:230)
at org.testng.internal.invokers.MethodRunner.runInSequence(MethodRunner.java:63)
at org.testng.internal.invokers.TestInvoker$MethodInvocationAgent.invoke(TestInvoker.java:992)
at org.testng.internal.invokers.TestInvoker.invokeTestMethods(TestInvoker.java:203)
at org.testng.internal.invokers.TestMethodWorker.invokeTestMethods(TestMethodWorker.java:154)
at org.testng.internal.invokers.TestMethodWorker.run(TestMethodWorker.java:134)
at java.base/java.util.ArrayList.forEach(ArrayList.java:1596)
at org.testng.TestRunner.privateRun(TestRunner.java:739)
at org.testng.TestRunner.run(TestRunner.java:614)
at org.testng.SuiteRunner.runTest(SuiteRunner.java:421)
at org.testng.SuiteRunner$SuiteWorker.run(SuiteRunner.java:463)
at org.testng.internal.thread.ThreadUtil.lambda$execute$0(ThreadUtil.java:64)
at java.base/java.util.concurrent.FutureTask.run(FutureTask.java:317)
at java.base/java.util.concurrent.ThreadPoolExecutor.runWorker(ThreadPoolExecutor.java:1144)
at java.base/java.util.concurrent.ThreadPoolExecutor$Worker.run(ThreadPoolExecutor.java:642)
at java.base/java.lang.Thread.run(Thread.java:1583)
]]>
    </error>
  </testcase> <!-- login -->
  <testcase classname="Contact_Module.Contact_scenarios_Test" name="CreateConTest" time="0.000">
    <skipped/>
    <system-out>
      <![CDATA[CreateConTest: Test execution skipped
Createconwithsupportdate: Test execution started]]>
    </system-out>
  </testcase> <!-- CreateConTest -->
  <testcase classname="Contact_Module.Contact_scenarios_Test" name="Createconwithsupportdate" time="0.000">
    <skipped/>
    <system-out>
      <![CDATA[Createconwithsupportdate: Test execution skipped
createconOrg: Test execution started]]>
    </system-out>
  </testcase> <!-- Createconwithsupportdate -->
  <testcase classname="Contact_Module.Contact_scenarios_Test" name="login" time="0.001">
    <error message="Unresolved compilation problems: 
	putil cannot be resolved
	putil cannot be resolved
	putil cannot be resolved
	putil cannot be resolved
" type="java.lang.Error">
      <![CDATA[java.lang.Error: Unresolved compilation problems: 
putil cannot be resolved
putil cannot be resolved
putil cannot be resolved
putil cannot be resolved

at BaseClassUtility.BaseClass.login(BaseClass.java:64)
at java.base/jdk.internal.reflect.DirectMethodHandleAccessor.invoke(DirectMethodHandleAccessor.java:103)
at java.base/java.lang.reflect.Method.invoke(Method.java:580)
at org.testng.internal.invokers.MethodInvocationHelper.invokeMethod(MethodInvocationHelper.java:141)
at org.testng.internal.invokers.MethodInvocationHelper.invokeMethodConsideringTimeout(MethodInvocationHelper.java:71)
at org.testng.internal.invokers.ConfigInvoker.invokeConfigurationMethod(ConfigInvoker.java:400)
at org.testng.internal.invokers.ConfigInvoker.invokeConfigurations(ConfigInvoker.java:333)
at org.testng.internal.invokers.TestInvoker.runConfigMethods(TestInvoker.java:833)
at org.testng.internal.invokers.TestInvoker.invokeMethod(TestInvoker.java:600)
at org.testng.internal.invokers.TestInvoker.invokeTestMethod(TestInvoker.java:230)
at org.testng.internal.invokers.MethodRunner.runInSequence(MethodRunner.java:63)
at org.testng.internal.invokers.TestInvoker$MethodInvocationAgent.invoke(TestInvoker.java:992)
at org.testng.internal.invokers.TestInvoker.invokeTestMethods(TestInvoker.java:203)
at org.testng.internal.invokers.TestMethodWorker.invokeTestMethods(TestMethodWorker.java:154)
at org.testng.internal.invokers.TestMethodWorker.run(TestMethodWorker.java:134)
at java.base/java.util.ArrayList.forEach(ArrayList.java:1596)
at org.testng.TestRunner.privateRun(TestRunner.java:739)
at org.testng.TestRunner.run(TestRunner.java:614)
at org.testng.SuiteRunner.runTest(SuiteRunner.java:421)
at org.testng.SuiteRunner$SuiteWorker.run(SuiteRunner.java:463)
at org.testng.internal.thread.ThreadUtil.lambda$execute$0(ThreadUtil.java:64)
at java.base/java.util.concurrent.FutureTask.run(FutureTask.java:317)
at java.base/java.util.concurrent.ThreadPoolExecutor.runWorker(ThreadPoolExecutor.java:1144)
at java.base/java.util.concurrent.ThreadPoolExecutor$Worker.run(ThreadPoolExecutor.java:642)
at java.base/java.lang.Thread.run(Thread.java:1583)
]]>
    </error>
  </testcase> <!-- login -->
  <testcase classname="Contact_Module.Contact_scenarios_Test" name="Createconwithsupportdate" time="0.000">
    <skipped/>
    <system-out>
      <![CDATA[Createconwithsupportdate: Test execution skipped
createconOrg: Test execution started]]>
    </system-out>
  </testcase> <!-- Createconwithsupportdate -->
  <testcase classname="Contact_Module.Contact_scenarios_Test" name="createconOrg" time="0.001">
    <skipped/>
    <system-out>
      <![CDATA[createconOrg: Test execution skipped]]>
    </system-out>
  </testcase> <!-- createconOrg -->
  <testcase classname="Contact_Module.Contact_scenarios_Test" name="createconOrg" time="0.000">
    <skipped/>
    <system-out>
      <![CDATA[createconOrg: Test execution skipped]]>
    </system-out>
  </testcase> <!-- createconOrg -->
  <testcase classname="Contact_Module.Contact_scenarios_Test" name="CreateConTest" time="0.000">
    <skipped/>
    <system-out>
      <![CDATA[CreateConTest: Test execution skipped
Createconwithsupportdate: Test execution started]]>
    </system-out>
  </testcase> <!-- CreateConTest -->
  <system-out>
    <![CDATA[Suite execution started -adv report configuartion
get connection with databse
Configuaration of parallel execution
Configuaration of parallel execution
Configuaration of parallel execution
launch browser
launch browser
launch browser
CreateConTest: Test execution started
CreateConTest: Test execution skipped
Createconwithsupportdate: Test execution started
Createconwithsupportdate: Test execution skipped
createconOrg: Test execution started
createconOrg: Test execution skipped
launch browser
CreateOrgWithPhoneNum: Test execution started
CreateOrgWithPhoneNum: Test execution skipped
Createorg: Test execution started
Createorg: Test execution skipped
createorgwithind: Test execution started
createorgwithind: Test execution skipped
close parallel execution
CreateConTest: Test execution started
CreateConTest: Test execution skipped
Createconwithsupportdate: Test execution started
Createconwithsupportdate: Test execution skipped
createconOrg: Test execution started
createconOrg: Test execution skipped
launch browser
CreateConTest: Test execution started
CreateConTest: Test execution skipped
Createconwithsupportdate: Test execution started
Createconwithsupportdate: Test execution skipped
createconOrg: Test execution started
createconOrg: Test execution skipped
launch browser
CreateOrgWithPhoneNum: Test execution started
CreateOrgWithPhoneNum: Test execution skipped
Createorg: Test execution started
Createorg: Test execution skipped
createorgwithind: Test execution started
createorgwithind: Test execution skipped
close parallel execution
CreateOrgWithPhoneNum: Test execution started
CreateOrgWithPhoneNum: Test execution skipped
Createorg: Test execution started
Createorg: Test execution skipped
createorgwithind: Test execution started
createorgwithind: Test execution skipped
close parallel execution
disconnect with database]]>
  </system-out>
</testsuite> <!-- Contact_Module.Contact_scenarios_Test -->
